2026-06-01 22:34:50,237 — INFO — Logging initialisé — fichier : C:\Users\saadabarra\Documents\Courses\zara-etl\logs\etl_20260601_223450.log
2026-06-01 22:34:50,238 — INFO — ============================================================
2026-06-01 22:34:50,238 — INFO — DÉMARRAGE PIPELINE ETL — ZARA COMMERCE
2026-06-01 22:34:50,238 — INFO — Mode de chargement : POSTGRES
2026-06-01 22:34:50,238 — INFO — Date d'exécution   : 2026-06-01 22:34:50
2026-06-01 22:34:50,238 — INFO — ============================================================
2026-06-01 22:34:50,239 — INFO — 
2026-06-01 22:34:50,239 — INFO — --- PHASE EXTRACT ---
2026-06-01 22:34:50,240 — ERROR — ERREUR PIPELINE : [Errno 2] No such file or directory: 'C:\\Users\\saadabarra\\Documents\\Courses\\zara-etl\\data\\commandes_zara.csv'
Traceback (most recent call last):
  File "C:\Users\saadabarra\Documents\Courses\zara-etl\main.py", line 84, in run_pipeline
    df_commandes_raw = extract_commandes(COMMANDES_PATH)
  File "C:\Users\saadabarra\Documents\Courses\zara-etl\extract\extractor.py", line 20, in extract_commandes
    df = pd.read_csv(filepath, encoding='utf-8', dtype=str)
  File "C:\Users\saadabarra\Documents\Courses\zara-etl\venv\Lib\site-packages\pandas\io\parsers\readers.py", line 873, in read_csv
    return _read(filepath_or_buffer, kwds)
  File "C:\Users\saadabarra\Documents\Courses\zara-etl\venv\Lib\site-packages\pandas\io\parsers\readers.py", line 300, in _read
    parser = TextFileReader(filepath_or_buffer, **kwds)
  File "C:\Users\saadabarra\Documents\Courses\zara-etl\venv\Lib\site-packages\pandas\io\parsers\readers.py", line 1645, in __init__
    self._engine = self._make_engine(f, self.engine)
                   ~~~~~~~~~~~~~~~~~^^^^^^^^^^^^^^^^
  File "C:\Users\saadabarra\Documents\Courses\zara-etl\venv\Lib\site-packages\pandas\io\parsers\readers.py", line 1904, in _make_engine
    self.handles = get_handle(
                   ~~~~~~~~~~^
        f,
        ^^
    ...<6 lines>...
        storage_options=self.options.get("storage_options", None),
        ^^^^^^^^^^^^^^^^^^^^^^^^^^^^^^^^^^^^^^^^^^^^^^^^^^^^^^^^^^
    )
    ^
  File "C:\Users\saadabarra\Documents\Courses\zara-etl\venv\Lib\site-packages\pandas\io\common.py", line 939, in get_handle
    handle = open(handle, ioargs.mode)
FileNotFoundError: [Errno 2] No such file or directory: 'C:\\Users\\saadabarra\\Documents\\Courses\\zara-etl\\data\\commandes_zara.csv'
