2026-06-01 22:42:26,618 — INFO — Logging initialisé — fichier : C:\Users\saadabarra\Documents\Courses\zara-etl\logs\etl_20260601_224226.log
2026-06-01 22:42:26,619 — INFO — ============================================================
2026-06-01 22:42:26,619 — INFO — DÉMARRAGE PIPELINE ETL — MEXORA
2026-06-01 22:42:26,619 — INFO — Mode de chargement : POSTGRES
2026-06-01 22:42:26,620 — INFO — Date d'exécution   : 2026-06-01 22:42:26
2026-06-01 22:42:26,620 — INFO — ============================================================
2026-06-01 22:42:26,620 — INFO — 
2026-06-01 22:42:26,621 — INFO — --- PHASE EXTRACT ---
2026-06-01 22:42:26,767 — INFO — [EXTRACT] Commandes : 50000 lignes extraites depuis C:\Users\saadabarra\Documents\Courses\zara-etl\data\commandes_mexora.csv
2026-06-01 22:42:26,789 — INFO — [EXTRACT] Produits : 57 lignes extraites depuis C:\Users\saadabarra\Documents\Courses\zara-etl\data\produits_mexora.json
2026-06-01 22:42:26,831 — INFO — [EXTRACT] Clients : 5150 lignes extraites depuis C:\Users\saadabarra\Documents\Courses\zara-etl\data\clients_mexora.csv
2026-06-01 22:42:26,852 — INFO — [EXTRACT] Régions : 30 lignes extraites depuis C:\Users\saadabarra\Documents\Courses\zara-etl\data\regions_maroc.csv
2026-06-01 22:42:26,853 — INFO — 
2026-06-01 22:42:26,853 — INFO — --- PHASE TRANSFORM ---
2026-06-01 22:42:26,853 — INFO — 
2026-06-01 22:42:26,854 — INFO — [TRANSFORM] === Nettoyage des commandes ===
2026-06-01 22:42:26,854 — INFO — [TRANSFORM] Commandes — Début du nettoyage (50000 lignes)
2026-06-01 22:42:26,874 — INFO — [TRANSFORM] R1 doublons : 1500 lignes supprimées (3.0%)
2026-06-01 22:42:29,102 — INFO — [TRANSFORM] R2 dates : 0 dates invalides supprimées
2026-06-01 22:42:32,292 — INFO — [TRANSFORM] Référentiel villes chargé : 75 entrées de correspondance
2026-06-01 22:42:32,334 — INFO — [TRANSFORM] R3 villes : 28 variantes → 14 villes standardisées (0 non mappées)
2026-06-01 22:42:32,392 — INFO — [TRANSFORM] R4 statuts : 0 valeurs non reconnues → 'inconnu'
2026-06-01 22:42:32,414 — INFO — [TRANSFORM] R5 quantités : 458 lignes supprimées (quantité <= 0)
2026-06-01 22:42:32,436 — INFO — [TRANSFORM] R6 prix : 739 commandes test supprimées (prix = 0)
2026-06-01 22:42:32,452 — INFO — [TRANSFORM] R7 livreurs : 3216 valeurs manquantes → -1
2026-06-01 22:42:32,452 — INFO — [TRANSFORM] Commandes : 50000 → 47303 lignes (2697 supprimées au total, 5.4%)
2026-06-01 22:42:32,452 — INFO — 
2026-06-01 22:42:32,453 — INFO — [TRANSFORM] === Nettoyage des produits ===
2026-06-01 22:42:32,453 — INFO — [TRANSFORM] Produits — Début du nettoyage (57 lignes)
2026-06-01 22:42:32,455 — INFO — [TRANSFORM] R1 catégories : harmonisées en Title Case (4 catégories distinctes)
2026-06-01 22:42:32,455 — INFO — [TRANSFORM] R2 produits inactifs : 9 produits conservés (marqués inactifs — SCD Type 2)
2026-06-01 22:42:32,458 — INFO — [TRANSFORM] R3 prix catalogue : 2 valeurs nulles remplacées par la médiane catégorie
2026-06-01 22:42:32,459 — INFO — [TRANSFORM] Produits : 57 → 57 lignes (aucune suppression)
2026-06-01 22:42:32,460 — INFO — 
2026-06-01 22:42:32,460 — INFO — [TRANSFORM] === Nettoyage des clients ===
2026-06-01 22:42:32,463 — INFO — [TRANSFORM] Référentiel villes chargé : 75 entrées de correspondance
2026-06-01 22:42:32,463 — INFO — [TRANSFORM] Clients — Début du nettoyage (5150 lignes)
2026-06-01 22:42:32,476 — INFO — [TRANSFORM] R1 doublons email : 193 lignes supprimées
2026-06-01 22:42:32,481 — INFO — [TRANSFORM] R2 genre : standardisé (m/f/inconnu), 0 valeurs inconnues
2026-06-01 22:42:32,492 — INFO — [TRANSFORM] R3 dates naissance : 101 âges invalides (< 16 ou > 100 ans)
2026-06-01 22:42:32,497 — INFO — [TRANSFORM] R4 emails : 117 emails invalides mis à NULL
2026-06-01 22:42:32,502 — INFO — [TRANSFORM] R5 villes : harmonisées (0 non mappées)
2026-06-01 22:42:32,503 — INFO — [TRANSFORM] Clients : 5150 → 4957 lignes (193 supprimées au total)
2026-06-01 22:42:32,503 — INFO — 
2026-06-01 22:42:32,503 — INFO — [TRANSFORM] === Construction des dimensions ===
2026-06-01 22:42:32,573 — INFO — [TRANSFORM] DIM_TEMPS : 2192 jours générés (2020-01-01 → 2025-12-31)
2026-06-01 22:42:32,576 — INFO — [TRANSFORM] DIM_PRODUIT : 57 produits (dont 9 inactifs)
2026-06-01 22:42:32,588 — INFO — [TRANSFORM] Segmentation : 751 clients analysés
2026-06-01 22:42:32,603 — INFO — [TRANSFORM] DIM_CLIENT : 4957 clients
2026-06-01 22:42:32,605 — INFO — [TRANSFORM] Segments — Gold: 512, Silver: 133, Bronze: 4312
2026-06-01 22:42:32,608 — INFO — [TRANSFORM] DIM_REGION : 30 régions
2026-06-01 22:42:32,614 — INFO — [TRANSFORM] DIM_LIVREUR : 51 livreurs (dont 1 inconnu)
2026-06-01 22:42:32,615 — INFO — 
2026-06-01 22:42:32,615 — INFO — [TRANSFORM] === Construction de la table de faits ===
2026-06-01 22:42:33,093 — WARNING — [TRANSFORM] FAIT_VENTES : 1716 lignes sans correspondance dimension supprimées
2026-06-01 22:42:33,094 — INFO — [TRANSFORM] FAIT_VENTES : 45587 lignes construites
2026-06-01 22:42:33,095 — INFO — [TRANSFORM] CA total HT  : 1,880,457,594.28 MAD
2026-06-01 22:42:33,096 — INFO — [TRANSFORM] CA total TTC : 2,256,549,112.80 MAD
2026-06-01 22:42:33,098 — INFO — 
2026-06-01 22:42:33,098 — INFO — --- PHASE LOAD ---
2026-06-01 22:42:33,917 — INFO — [LOAD] Connexion PostgreSQL établie
2026-06-01 22:42:33,917 — INFO — [INIT] Exécution de create_dwh.sql — création des schémas et tables...
2026-06-01 22:42:34,275 — INFO — [INIT] Schémas, tables et vues créés avec succès.
2026-06-01 22:42:34,413 — ERROR — [LOAD] Erreur lors du chargement de dim_temps : (psycopg2.errors.DependentObjectsStillExist) cannot drop table dwh_mexora.dim_temps because other objects depend on it
DETAIL:  constraint fait_ventes_id_date_fkey on table dwh_mexora.fait_ventes depends on table dwh_mexora.dim_temps
materialized view reporting_mexora.mv_ca_mensuel depends on table dwh_mexora.dim_temps
materialized view reporting_mexora.mv_top_produits depends on table dwh_mexora.dim_temps
materialized view reporting_mexora.mv_performance_livreurs depends on table dwh_mexora.dim_temps
HINT:  Use DROP ... CASCADE to drop the dependent objects too.

[SQL: 
DROP TABLE dwh_mexora.dim_temps]
(Background on this error at: https://sqlalche.me/e/20/2j85)
2026-06-01 22:42:34,413 — ERROR — ERREUR PIPELINE : (psycopg2.errors.DependentObjectsStillExist) cannot drop table dwh_mexora.dim_temps because other objects depend on it
DETAIL:  constraint fait_ventes_id_date_fkey on table dwh_mexora.fait_ventes depends on table dwh_mexora.dim_temps
materialized view reporting_mexora.mv_ca_mensuel depends on table dwh_mexora.dim_temps
materialized view reporting_mexora.mv_top_produits depends on table dwh_mexora.dim_temps
materialized view reporting_mexora.mv_performance_livreurs depends on table dwh_mexora.dim_temps
HINT:  Use DROP ... CASCADE to drop the dependent objects too.

[SQL: 
DROP TABLE dwh_mexora.dim_temps]
(Background on this error at: https://sqlalche.me/e/20/2j85)
Traceback (most recent call last):
  File "C:\Users\saadabarra\Documents\Courses\zara-etl\venv\Lib\site-packages\sqlalchemy\engine\base.py", line 1969, in _exec_single_context
    self.dialect.do_execute(
    ~~~~~~~~~~~~~~~~~~~~~~~^
        cursor, str_statement, effective_parameters, context
        ^^^^^^^^^^^^^^^^^^^^^^^^^^^^^^^^^^^^^^^^^^^^^^^^^^^^
    )
    ^
  File "C:\Users\saadabarra\Documents\Courses\zara-etl\venv\Lib\site-packages\sqlalchemy\engine\default.py", line 952, in do_execute
    cursor.execute(statement, parameters)
    ~~~~~~~~~~~~~~^^^^^^^^^^^^^^^^^^^^^^^
psycopg2.errors.DependentObjectsStillExist: cannot drop table dwh_mexora.dim_temps because other objects depend on it
DETAIL:  constraint fait_ventes_id_date_fkey on table dwh_mexora.fait_ventes depends on table dwh_mexora.dim_temps
materialized view reporting_mexora.mv_ca_mensuel depends on table dwh_mexora.dim_temps
materialized view reporting_mexora.mv_top_produits depends on table dwh_mexora.dim_temps
materialized view reporting_mexora.mv_performance_livreurs depends on table dwh_mexora.dim_temps
HINT:  Use DROP ... CASCADE to drop the dependent objects too.


The above exception was the direct cause of the following exception:

Traceback (most recent call last):
  File "C:\Users\saadabarra\Documents\Courses\zara-etl\main.py", line 150, in run_pipeline
    charger_dimension(dim_temps,   'dim_temps',   engine)
    ~~~~~~~~~~~~~~~~~^^^^^^^^^^^^^^^^^^^^^^^^^^^^^^^^^^^^
  File "C:\Users\saadabarra\Documents\Courses\zara-etl\load\loader.py", line 26, in charger_dimension
    df.to_sql(
    ~~~~~~~~~^
        name=table_name,
        ^^^^^^^^^^^^^^^^
    ...<5 lines>...
        chunksize=CHUNK_SIZE
        ^^^^^^^^^^^^^^^^^^^^
    )
    ^
  File "C:\Users\saadabarra\Documents\Courses\zara-etl\venv\Lib\site-packages\pandas\core\generic.py", line 3052, in to_sql
    return sql.to_sql(
           ~~~~~~~~~~^
        self,
        ^^^^^
    ...<8 lines>...
        method=method,
        ^^^^^^^^^^^^^^
    )
    ^
  File "C:\Users\saadabarra\Documents\Courses\zara-etl\venv\Lib\site-packages\pandas\io\sql.py", line 841, in to_sql
    return pandas_sql.to_sql(
           ~~~~~~~~~~~~~~~~~^
        frame,
        ^^^^^^
    ...<9 lines>...
        **engine_kwargs,
        ^^^^^^^^^^^^^^^^
    )
    ^
  File "C:\Users\saadabarra\Documents\Courses\zara-etl\venv\Lib\site-packages\pandas\io\sql.py", line 2027, in to_sql
    table = self.prep_table(
        frame=frame,
    ...<5 lines>...
        dtype=dtype,
    )
  File "C:\Users\saadabarra\Documents\Courses\zara-etl\venv\Lib\site-packages\pandas\io\sql.py", line 1932, in prep_table
    table.create()
    ~~~~~~~~~~~~^^
  File "C:\Users\saadabarra\Documents\Courses\zara-etl\venv\Lib\site-packages\pandas\io\sql.py", line 990, in create
    self.pd_sql.drop_table(self.name, self.schema)
    ~~~~~~~~~~~~~~~~~~~~~~^^^^^^^^^^^^^^^^^^^^^^^^
  File "C:\Users\saadabarra\Documents\Courses\zara-etl\venv\Lib\site-packages\pandas\io\sql.py", line 2082, in drop_table
    self.get_table(table_name, schema).drop(bind=self.con)
    ~~~~~~~~~~~~~~~~~~~~~~~~~~~~~~~~~~~~~~~^^^^^^^^^^^^^^^
  File "C:\Users\saadabarra\Documents\Courses\zara-etl\venv\Lib\site-packages\sqlalchemy\sql\schema.py", line 1301, in drop
    bind._run_ddl_visitor(ddl.SchemaDropper, self, checkfirst=checkfirst)
    ~~~~~~~~~~~~~~~~~~~~~^^^^^^^^^^^^^^^^^^^^^^^^^^^^^^^^^^^^^^^^^^^^^^^^
  File "C:\Users\saadabarra\Documents\Courses\zara-etl\venv\Lib\site-packages\sqlalchemy\engine\base.py", line 2469, in _run_ddl_visitor
    ).traverse_single(element)
      ~~~~~~~~~~~~~~~^^^^^^^^^
  File "C:\Users\saadabarra\Documents\Courses\zara-etl\venv\Lib\site-packages\sqlalchemy\sql\visitors.py", line 661, in traverse_single
    return meth(obj, **kw)
  File "C:\Users\saadabarra\Documents\Courses\zara-etl\venv\Lib\site-packages\sqlalchemy\sql\ddl.py", line 1210, in visit_table
    DropTable(table)._invoke_with(self.connection)
    ~~~~~~~~~~~~~~~~~~~~~~~~~~~~~^^^^^^^^^^^^^^^^^
  File "C:\Users\saadabarra\Documents\Courses\zara-etl\venv\Lib\site-packages\sqlalchemy\sql\ddl.py", line 322, in _invoke_with
    return bind.execute(self)
           ~~~~~~~~~~~~^^^^^^
  File "C:\Users\saadabarra\Documents\Courses\zara-etl\venv\Lib\site-packages\sqlalchemy\engine\base.py", line 1421, in execute
    return meth(
        self,
        distilled_parameters,
        execution_options or NO_OPTIONS,
    )
  File "C:\Users\saadabarra\Documents\Courses\zara-etl\venv\Lib\site-packages\sqlalchemy\sql\ddl.py", line 188, in _execute_on_connection
    return connection._execute_ddl(
           ~~~~~~~~~~~~~~~~~~~~~~~^
        self, distilled_params, execution_options
        ^^^^^^^^^^^^^^^^^^^^^^^^^^^^^^^^^^^^^^^^^
    )
    ^
  File "C:\Users\saadabarra\Documents\Courses\zara-etl\venv\Lib\site-packages\sqlalchemy\engine\base.py", line 1532, in _execute_ddl
    ret = self._execute_context(
        dialect,
    ...<4 lines>...
        compiled,
    )
  File "C:\Users\saadabarra\Documents\Courses\zara-etl\venv\Lib\site-packages\sqlalchemy\engine\base.py", line 1848, in _execute_context
    return self._exec_single_context(
           ~~~~~~~~~~~~~~~~~~~~~~~~~^
        dialect, context, statement, parameters
        ^^^^^^^^^^^^^^^^^^^^^^^^^^^^^^^^^^^^^^^
    )
    ^
  File "C:\Users\saadabarra\Documents\Courses\zara-etl\venv\Lib\site-packages\sqlalchemy\engine\base.py", line 1988, in _exec_single_context
    self._handle_dbapi_exception(
    ~~~~~~~~~~~~~~~~~~~~~~~~~~~~^
        e, str_statement, effective_parameters, cursor, context
        ^^^^^^^^^^^^^^^^^^^^^^^^^^^^^^^^^^^^^^^^^^^^^^^^^^^^^^^
    )
    ^
  File "C:\Users\saadabarra\Documents\Courses\zara-etl\venv\Lib\site-packages\sqlalchemy\engine\base.py", line 2365, in _handle_dbapi_exception
    raise sqlalchemy_exception.with_traceback(exc_info[2]) from e
  File "C:\Users\saadabarra\Documents\Courses\zara-etl\venv\Lib\site-packages\sqlalchemy\engine\base.py", line 1969, in _exec_single_context
    self.dialect.do_execute(
    ~~~~~~~~~~~~~~~~~~~~~~~^
        cursor, str_statement, effective_parameters, context
        ^^^^^^^^^^^^^^^^^^^^^^^^^^^^^^^^^^^^^^^^^^^^^^^^^^^^
    )
    ^
  File "C:\Users\saadabarra\Documents\Courses\zara-etl\venv\Lib\site-packages\sqlalchemy\engine\default.py", line 952, in do_execute
    cursor.execute(statement, parameters)
    ~~~~~~~~~~~~~~^^^^^^^^^^^^^^^^^^^^^^^
sqlalchemy.exc.InternalError: (psycopg2.errors.DependentObjectsStillExist) cannot drop table dwh_mexora.dim_temps because other objects depend on it
DETAIL:  constraint fait_ventes_id_date_fkey on table dwh_mexora.fait_ventes depends on table dwh_mexora.dim_temps
materialized view reporting_mexora.mv_ca_mensuel depends on table dwh_mexora.dim_temps
materialized view reporting_mexora.mv_top_produits depends on table dwh_mexora.dim_temps
materialized view reporting_mexora.mv_performance_livreurs depends on table dwh_mexora.dim_temps
HINT:  Use DROP ... CASCADE to drop the dependent objects too.

[SQL: 
DROP TABLE dwh_mexora.dim_temps]
(Background on this error at: https://sqlalche.me/e/20/2j85)
